# JRE version: Java(TM) SE Runtime Environment (8.0_201-b09) (build 1.8.0_201-b09)
# Java VM: Java HotSpot(TM) 64-Bit Server VM (25.201-b09 mixed mode windows-amd64 compressed oops)
Heap:
 PSYoungGen      total 256000K, used 220397K [0x00000000d6d80000, 0x00000000eb380000, 0x0000000100000000)
  eden space 225280K, 84% used [0x00000000d6d80000,0x00000000e2736f98,0x00000000e4980000)
  from space 30720K, 98% used [0x00000000e9580000,0x00000000eb304510,0x00000000eb380000)
  to   space 38912K, 0% used [0x00000000e6780000,0x00000000e6780000,0x00000000e8d80000)
 ParOldGen       total 151552K, used 59887K [0x0000000084800000, 0x000000008dc00000, 0x00000000d6d80000)
  object space 151552K, 39% used [0x0000000084800000,0x000000008827bda8,0x000000008dc00000)
 Metaspace       used 39737K, capacity 40476K, committed 40832K, reserved 1085440K
  class space    used 4744K, capacity 4957K, committed 4992K, reserved 1048576K
GC Heap History (10 events):
Event: 8.517 GC heap before
{Heap before GC invocations=8 (full 1):
 PSYoungGen      total 137216K, used 126976K [0x00000000d6d80000, 0x00000000dfd80000, 0x0000000100000000)
  eden space 126976K, 100% used [0x00000000d6d80000,0x00000000de980000,0x00000000de980000)
  from space 10240K, 0% used [0x00000000df380000,0x00000000df380000,0x00000000dfd80000)
  to   space 10240K, 0% used [0x00000000de980000,0x00000000de980000,0x00000000df380000)
 ParOldGen       total 61952K, used 10769K [0x0000000084800000, 0x0000000088480000, 0x00000000d6d80000)
  object space 61952K, 17% used [0x0000000084800000,0x0000000085284508,0x0000000088480000)
 Metaspace       used 29063K, capacity 29680K, committed 29824K, reserved 1075200K
  class space    used 3455K, capacity 3624K, committed 3712K, reserved 1048576K
Event: 8.538 GC heap after
Heap after GC invocations=8 (full 1):
 PSYoungGen      total 137216K, used 10216K [0x00000000d6d80000, 0x00000000e4c80000, 0x0000000100000000)
  eden space 126976K, 0% used [0x00000000d6d80000,0x00000000d6d80000,0x00000000de980000)
  from space 10240K, 99% used [0x00000000de980000,0x00000000df37a328,0x00000000df380000)
  to   space 17408K, 0% used [0x00000000e3b80000,0x00000000e3b80000,0x00000000e4c80000)
 ParOldGen       total 61952K, used 22396K [0x0000000084800000, 0x0000000088480000, 0x00000000d6d80000)
  object space 61952K, 36% used [0x0000000084800000,0x0000000085ddf378,0x0000000088480000)
 Metaspace       used 29063K, capacity 29680K, committed 29824K, reserved 1075200K
  class space    used 3455K, capacity 3624K, committed 3712K, reserved 1048576K
}
Event: 9.278 GC heap before
{Heap before GC invocations=9 (full 1):
 PSYoungGen      total 137216K, used 137192K [0x00000000d6d80000, 0x00000000e4c80000, 0x0000000100000000)
  eden space 126976K, 100% used [0x00000000d6d80000,0x00000000de980000,0x00000000de980000)
  from space 10240K, 99% used [0x00000000de980000,0x00000000df37a328,0x00000000df380000)
  to   space 17408K, 0% used [0x00000000e3b80000,0x00000000e3b80000,0x00000000e4c80000)
 ParOldGen       total 61952K, used 22396K [0x0000000084800000, 0x0000000088480000, 0x00000000d6d80000)
  object space 61952K, 36% used [0x0000000084800000,0x0000000085ddf378,0x0000000088480000)
 Metaspace       used 29140K, capacity 29754K, committed 30080K, reserved 1075200K
  class space    used 3459K, capacity 3626K, committed 3712K, reserved 1048576K
Event: 9.300 GC heap after
Heap after GC invocations=9 (full 1):
 PSYoungGen      total 203776K, used 17383K [0x00000000d6d80000, 0x00000000e5f80000, 0x0000000100000000)
  eden space 186368K, 0% used [0x00000000d6d80000,0x00000000d6d80000,0x00000000e2380000)
  from space 17408K, 99% used [0x00000000e3b80000,0x00000000e4c79fe0,0x00000000e4c80000)
  to   space 24576K, 0% used [0x00000000e2380000,0x00000000e2380000,0x00000000e3b80000)
 ParOldGen       total 61952K, used 33140K [0x0000000084800000, 0x0000000088480000, 0x00000000d6d80000)
  object space 61952K, 53% used [0x0000000084800000,0x000000008685d350,0x0000000088480000)
 Metaspace       used 29140K, capacity 29754K, committed 30080K, reserved 1075200K
  class space    used 3459K, capacity 3626K, committed 3712K, reserved 1048576K
}
Event: 9.964 GC heap before
{Heap before GC invocations=10 (full 1):
 PSYoungGen      total 203776K, used 203751K [0x00000000d6d80000, 0x00000000e5f80000, 0x0000000100000000)
  eden space 186368K, 100% used [0x00000000d6d80000,0x00000000e2380000,0x00000000e2380000)
  from space 17408K, 99% used [0x00000000e3b80000,0x00000000e4c79fe0,0x00000000e4c80000)
  to   space 24576K, 0% used [0x00000000e2380000,0x00000000e2380000,0x00000000e3b80000)
 ParOldGen       total 61952K, used 33140K [0x0000000084800000, 0x0000000088480000, 0x00000000d6d80000)
  object space 61952K, 53% used [0x0000000084800000,0x000000008685d350,0x0000000088480000)
 Metaspace       used 29143K, capacity 29754K, committed 30080K, reserved 1075200K
  class space    used 3459K, capacity 3626K, committed 3712K, reserved 1048576K
Event: 10.039 GC heap after
Heap after GC invocations=10 (full 1):
 PSYoungGen      total 210944K, used 24564K [0x00000000d6d80000, 0x00000000eb780000, 0x0000000100000000)
  eden space 186368K, 0% used [0x00000000d6d80000,0x00000000d6d80000,0x00000000e2380000)
  from space 24576K, 99% used [0x00000000e2380000,0x00000000e3b7d0b8,0x00000000e3b80000)
  to   space 34816K, 0% used [0x00000000e9580000,0x00000000e9580000,0x00000000eb780000)
 ParOldGen       total 61952K, used 49312K [0x0000000084800000, 0x0000000088480000, 0x00000000d6d80000)
  object space 61952K, 79% used [0x0000000084800000,0x0000000087828158,0x0000000088480000)
 Metaspace       used 29143K, capacity 29754K, committed 30080K, reserved 1075200K
  class space    used 3459K, capacity 3626K, committed 3712K, reserved 1048576K
}
Event: 10.039 GC heap before
{Heap before GC invocations=11 (full 2):
 PSYoungGen      total 210944K, used 24564K [0x00000000d6d80000, 0x00000000eb780000, 0x0000000100000000)
  eden space 186368K, 0% used [0x00000000d6d80000,0x00000000d6d80000,0x00000000e2380000)
  from space 24576K, 99% used [0x00000000e2380000,0x00000000e3b7d0b8,0x00000000e3b80000)
  to   space 34816K, 0% used [0x00000000e9580000,0x00000000e9580000,0x00000000eb780000)
 ParOldGen       total 61952K, used 49312K [0x0000000084800000, 0x0000000088480000, 0x00000000d6d80000)
  object space 61952K, 79% used [0x0000000084800000,0x0000000087828158,0x0000000088480000)
 Metaspace       used 29143K, capacity 29754K, committed 30080K, reserved 1075200K
  class space    used 3459K, capacity 3626K, committed 3712K, reserved 1048576K
Event: 10.596 GC heap after
Heap after GC invocations=11 (full 2):
 PSYoungGen      total 210944K, used 0K [0x00000000d6d80000, 0x00000000eb780000, 0x0000000100000000)
  eden space 186368K, 0% used [0x00000000d6d80000,0x00000000d6d80000,0x00000000e2380000)
  from space 24576K, 0% used [0x00000000e2380000,0x00000000e2380000,0x00000000e3b80000)
  to   space 34816K, 0% used [0x00000000e9580000,0x00000000e9580000,0x00000000eb780000)
 ParOldGen       total 151552K, used 59879K [0x0000000084800000, 0x000000008dc00000, 0x00000000d6d80000)
  object space 151552K, 39% used [0x0000000084800000,0x0000000088279da8,0x000000008dc00000)
 Metaspace       used 29143K, capacity 29754K, committed 30080K, reserved 1075200K
  class space    used 3459K, capacity 3626K, committed 3712K, reserved 1048576K
}
Event: 11.432 GC heap before
{Heap before GC invocations=12 (full 2):
 PSYoungGen      total 210944K, used 186368K [0x00000000d6d80000, 0x00000000eb780000, 0x0000000100000000)
  eden space 186368K, 100% used [0x00000000d6d80000,0x00000000e2380000,0x00000000e2380000)
  from space 24576K, 0% used [0x00000000e2380000,0x00000000e2380000,0x00000000e3b80000)
  to   space 34816K, 0% used [0x00000000e9580000,0x00000000e9580000,0x00000000eb780000)
 ParOldGen       total 151552K, used 59879K [0x0000000084800000, 0x000000008dc00000, 0x00000000d6d80000)
  object space 151552K, 39% used [0x0000000084800000,0x0000000088279da8,0x000000008dc00000)
 Metaspace       used 29144K, capacity 29754K, committed 30080K, reserved 1075200K
  class space    used 3459K, capacity 3626K, committed 3712K, reserved 1048576K
Event: 11.477 GC heap after
Heap after GC invocations=12 (full 2):
 PSYoungGen      total 256000K, used 30225K [0x00000000d6d80000, 0x00000000eb380000, 0x0000000100000000)
  eden space 225280K, 0% used [0x00000000d6d80000,0x00000000d6d80000,0x00000000e4980000)
  from space 30720K, 98% used [0x00000000e9580000,0x00000000eb304510,0x00000000eb380000)
  to   space 38912K, 0% used [0x00000000e6780000,0x00000000e6780000,0x00000000e8d80000)
 ParOldGen       total 151552K, used 59887K [0x0000000084800000, 0x000000008dc00000, 0x00000000d6d80000)
  object space 151552K, 39% used [0x0000000084800000,0x000000008827bda8,0x000000008dc00000)
 Metaspace       used 29144K, capacity 29754K, committed 30080K, reserved 1075200K
  class space    used 3459K, capacity 3626K, committed 3712K, reserved 1048576K
}

