# JRE version: Java(TM) SE Runtime Environment (8.0_201-b09) (build 1.8.0_201-b09)
# Java VM: Java HotSpot(TM) 64-Bit Server VM (25.201-b09 mixed mode windows-amd64 compressed oops)
Heap:
 PSYoungGen      total 281088K, used 127904K [0x00000000d6d80000, 0x00000000ea900000, 0x0000000100000000)
  eden space 242688K, 41% used [0x00000000d6d80000,0x00000000dcedf200,0x00000000e5a80000)
  from space 38400K, 73% used [0x00000000e5a80000,0x00000000e7608e10,0x00000000e8000000)
  to   space 34816K, 0% used [0x00000000e8000000,0x00000000e8000000,0x00000000ea200000)
 ParOldGen       total 142336K, used 61641K [0x0000000084800000, 0x000000008d300000, 0x00000000d6d80000)
  object space 142336K, 43% used [0x0000000084800000,0x0000000088432560,0x000000008d300000)
 Metaspace       used 47184K, capacity 48226K, committed 48512K, reserved 1091584K
  class space    used 5666K, capacity 5916K, committed 6016K, reserved 1048576K
GC Heap History (10 events):
Event: 7.092 GC heap before
{Heap before GC invocations=9 (full 1):
 PSYoungGen      total 137216K, used 137195K [0x00000000d6d80000, 0x00000000e4400000, 0x0000000100000000)
  eden space 126976K, 100% used [0x00000000d6d80000,0x00000000de980000,0x00000000de980000)
  from space 10240K, 99% used [0x00000000de980000,0x00000000df37ae00,0x00000000df380000)
  to   space 16896K, 0% used [0x00000000e3380000,0x00000000e3380000,0x00000000e4400000)
 ParOldGen       total 63488K, used 21748K [0x0000000084800000, 0x0000000088600000, 0x00000000d6d80000)
  object space 63488K, 34% used [0x0000000084800000,0x0000000085d3d188,0x0000000088600000)
 Metaspace       used 29464K, capacity 30220K, committed 30336K, reserved 1075200K
  class space    used 3466K, capacity 3656K, committed 3712K, reserved 1048576K
Event: 7.115 GC heap after
Heap after GC invocations=9 (full 1):
 PSYoungGen      total 194560K, used 16865K [0x00000000d6d80000, 0x00000000e5f80000, 0x0000000100000000)
  eden space 177664K, 0% used [0x00000000d6d80000,0x00000000d6d80000,0x00000000e1b00000)
  from space 16896K, 99% used [0x00000000e3380000,0x00000000e43f86a0,0x00000000e4400000)
  to   space 25088K, 0% used [0x00000000e1b00000,0x00000000e1b00000,0x00000000e3380000)
 ParOldGen       total 63488K, used 34744K [0x0000000084800000, 0x0000000088600000, 0x00000000d6d80000)
  object space 63488K, 54% used [0x0000000084800000,0x00000000869ee3b8,0x0000000088600000)
 Metaspace       used 29464K, capacity 30220K, committed 30336K, reserved 1075200K
  class space    used 3466K, capacity 3656K, committed 3712K, reserved 1048576K
}
Event: 7.769 GC heap before
{Heap before GC invocations=10 (full 1):
 PSYoungGen      total 194560K, used 194529K [0x00000000d6d80000, 0x00000000e5f80000, 0x0000000100000000)
  eden space 177664K, 100% used [0x00000000d6d80000,0x00000000e1b00000,0x00000000e1b00000)
  from space 16896K, 99% used [0x00000000e3380000,0x00000000e43f86a0,0x00000000e4400000)
  to   space 25088K, 0% used [0x00000000e1b00000,0x00000000e1b00000,0x00000000e3380000)
 ParOldGen       total 63488K, used 34744K [0x0000000084800000, 0x0000000088600000, 0x00000000d6d80000)
  object space 63488K, 54% used [0x0000000084800000,0x00000000869ee3b8,0x0000000088600000)
 Metaspace       used 29485K, capacity 30230K, committed 30336K, reserved 1075200K
  class space    used 3469K, capacity 3658K, committed 3712K, reserved 1048576K
Event: 7.820 GC heap after
Heap after GC invocations=10 (full 1):
 PSYoungGen      total 202752K, used 25076K [0x00000000d6d80000, 0x00000000ea200000, 0x0000000100000000)
  eden space 177664K, 0% used [0x00000000d6d80000,0x00000000d6d80000,0x00000000e1b00000)
  from space 25088K, 99% used [0x00000000e1b00000,0x00000000e337d0c0,0x00000000e3380000)
  to   space 34816K, 0% used [0x00000000e8000000,0x00000000e8000000,0x00000000ea200000)
 ParOldGen       total 63488K, used 49201K [0x0000000084800000, 0x0000000088600000, 0x00000000d6d80000)
  object space 63488K, 77% used [0x0000000084800000,0x000000008780c498,0x0000000088600000)
 Metaspace       used 29485K, capacity 30230K, committed 30336K, reserved 1075200K
  class space    used 3469K, capacity 3658K, committed 3712K, reserved 1048576K
}
Event: 7.820 GC heap before
{Heap before GC invocations=11 (full 2):
 PSYoungGen      total 202752K, used 25076K [0x00000000d6d80000, 0x00000000ea200000, 0x0000000100000000)
  eden space 177664K, 0% used [0x00000000d6d80000,0x00000000d6d80000,0x00000000e1b00000)
  from space 25088K, 99% used [0x00000000e1b00000,0x00000000e337d0c0,0x00000000e3380000)
  to   space 34816K, 0% used [0x00000000e8000000,0x00000000e8000000,0x00000000ea200000)
 ParOldGen       total 63488K, used 49201K [0x0000000084800000, 0x0000000088600000, 0x00000000d6d80000)
  object space 63488K, 77% used [0x0000000084800000,0x000000008780c498,0x0000000088600000)
 Metaspace       used 29485K, capacity 30230K, committed 30336K, reserved 1075200K
  class space    used 3469K, capacity 3658K, committed 3712K, reserved 1048576K
Event: 7.950 GC heap after
Heap after GC invocations=11 (full 2):
 PSYoungGen      total 202752K, used 0K [0x00000000d6d80000, 0x00000000ea200000, 0x0000000100000000)
  eden space 177664K, 0% used [0x00000000d6d80000,0x00000000d6d80000,0x00000000e1b00000)
  from space 25088K, 0% used [0x00000000e1b00000,0x00000000e1b00000,0x00000000e3380000)
  to   space 34816K, 0% used [0x00000000e8000000,0x00000000e8000000,0x00000000ea200000)
 ParOldGen       total 142336K, used 58565K [0x0000000084800000, 0x000000008d300000, 0x00000000d6d80000)
  object space 142336K, 41% used [0x0000000084800000,0x00000000881316a0,0x000000008d300000)
 Metaspace       used 29485K, capacity 30230K, committed 30336K, reserved 1075200K
  class space    used 3469K, capacity 3658K, committed 3712K, reserved 1048576K
}
Event: 8.440 GC heap before
{Heap before GC invocations=12 (full 2):
 PSYoungGen      total 202752K, used 177664K [0x00000000d6d80000, 0x00000000ea200000, 0x0000000100000000)
  eden space 177664K, 100% used [0x00000000d6d80000,0x00000000e1b00000,0x00000000e1b00000)
  from space 25088K, 0% used [0x00000000e1b00000,0x00000000e1b00000,0x00000000e3380000)
  to   space 34816K, 0% used [0x00000000e8000000,0x00000000e8000000,0x00000000ea200000)
 ParOldGen       total 142336K, used 58565K [0x0000000084800000, 0x000000008d300000, 0x00000000d6d80000)
  object space 142336K, 41% used [0x0000000084800000,0x00000000881316a0,0x000000008d300000)
 Metaspace       used 29497K, capacity 30230K, committed 30336K, reserved 1075200K
  class space    used 3471K, capacity 3658K, committed 3712K, reserved 1048576K
Event: 8.492 GC heap after
Heap after GC invocations=12 (full 2):
 PSYoungGen      total 277504K, used 28782K [0x00000000d6d80000, 0x00000000ea900000, 0x0000000100000000)
  eden space 242688K, 0% used [0x00000000d6d80000,0x00000000d6d80000,0x00000000e5a80000)
  from space 34816K, 82% used [0x00000000e8000000,0x00000000e9c1b9a0,0x00000000ea200000)
  to   space 38400K, 0% used [0x00000000e5a80000,0x00000000e5a80000,0x00000000e8000000)
 ParOldGen       total 142336K, used 58565K [0x0000000084800000, 0x000000008d300000, 0x00000000d6d80000)
  object space 142336K, 41% used [0x0000000084800000,0x00000000881316a0,0x000000008d300000)
 Metaspace       used 29497K, capacity 30230K, committed 30336K, reserved 1075200K
  class space    used 3471K, capacity 3658K, committed 3712K, reserved 1048576K
}
Event: 22.961 GC heap before
{Heap before GC invocations=13 (full 2):
 PSYoungGen      total 277504K, used 271470K [0x00000000d6d80000, 0x00000000ea900000, 0x0000000100000000)
  eden space 242688K, 100% used [0x00000000d6d80000,0x00000000e5a80000,0x00000000e5a80000)
  from space 34816K, 82% used [0x00000000e8000000,0x00000000e9c1b9a0,0x00000000ea200000)
  to   space 38400K, 0% used [0x00000000e5a80000,0x00000000e5a80000,0x00000000e8000000)
 ParOldGen       total 142336K, used 58565K [0x0000000084800000, 0x000000008d300000, 0x00000000d6d80000)
  object space 142336K, 41% used [0x0000000084800000,0x00000000881316a0,0x000000008d300000)
 Metaspace       used 41375K, capacity 42204K, committed 42624K, reserved 1087488K
  class space    used 4946K, capacity 5215K, committed 5248K, reserved 1048576K
Event: 23.036 GC heap after
Heap after GC invocations=13 (full 2):
 PSYoungGen      total 281088K, used 28195K [0x00000000d6d80000, 0x00000000ea900000, 0x0000000100000000)
  eden space 242688K, 0% used [0x00000000d6d80000,0x00000000d6d80000,0x00000000e5a80000)
  from space 38400K, 73% used [0x00000000e5a80000,0x00000000e7608e10,0x00000000e8000000)
  to   space 34816K, 0% used [0x00000000e8000000,0x00000000e8000000,0x00000000ea200000)
 ParOldGen       total 142336K, used 61641K [0x0000000084800000, 0x000000008d300000, 0x00000000d6d80000)
  object space 142336K, 43% used [0x0000000084800000,0x0000000088432560,0x000000008d300000)
 Metaspace       used 41375K, capacity 42204K, committed 42624K, reserved 1087488K
  class space    used 4946K, capacity 5215K, committed 5248K, reserved 1048576K
}

